[youtube] Extracting URL: https://www.youtube.com/watch?v=j26rUtAfzCw
[youtube] j26rUtAfzCw: Downloading webpage
WARNING: [youtube] No supported JavaScript runtime could be found. Only deno is enabled by default; to use another runtime add  --js-runtimes RUNTIME[:PATH]  to your command/config. YouTube extraction without a JS runtime has been deprecated, and some formats may be missing. See  https://github.com/yt-dlp/yt-dlp/wiki/EJS  for details on installing one
[youtube] j26rUtAfzCw: Downloading android vr player API JSON
[info] j26rUtAfzCw: Downloading 1 format(s): 399+251
[info] Downloading video thumbnail 41 ...
[info] Writing video thumbnail 41 to: d:\Downloads\Youtube\15 ЗАБЫТЫХ ФИЛЬМОВ 2000-Х КОТОРЫЕ СЕГОДНЯ СМОТРЯТСЯ КРУЧЕ ЛЮБЫХ НОВИНОК!.webp
[download] Destination: d:\Downloads\Youtube\15 ЗАБЫТЫХ ФИЛЬМОВ 2000-Х КОТОРЫЕ СЕГОДНЯ СМОТРЯТСЯ КРУЧЕ ЛЮБЫХ НОВИНОК!.f399.mp4
[download] Destination: d:\Downloads\Youtube\15 ЗАБЫТЫХ ФИЛЬМОВ 2000-Х КОТОРЫЕ СЕГОДНЯ СМОТРЯТСЯ КРУЧЕ ЛЮБЫХ НОВИНОК!.f251.webm
[Merger] Merging formats into "d:\Downloads\Youtube\15 ЗАБЫТЫХ ФИЛЬМОВ 2000-Х КОТОРЫЕ СЕГОДНЯ СМОТРЯТСЯ КРУЧЕ ЛЮБЫХ НОВИНОК!.mp4"
Deleting original file d:\Downloads\Youtube\15 ЗАБЫТЫХ ФИЛЬМОВ 2000-Х КОТОРЫЕ СЕГОДНЯ СМОТРЯТСЯ КРУЧЕ ЛЮБЫХ НОВИНОК!.f251.webm (pass -k to keep)
Deleting original file d:\Downloads\Youtube\15 ЗАБЫТЫХ ФИЛЬМОВ 2000-Х КОТОРЫЕ СЕГОДНЯ СМОТРЯТСЯ КРУЧЕ ЛЮБЫХ НОВИНОК!.f399.mp4 (pass -k to keep)
[Metadata] Adding metadata to "d:\Downloads\Youtube\15 ЗАБЫТЫХ ФИЛЬМОВ 2000-Х КОТОРЫЕ СЕГОДНЯ СМОТРЯТСЯ КРУЧЕ ЛЮБЫХ НОВИНОК!.mp4"
[ThumbnailsConvertor] Converting thumbnail "d:\Downloads\Youtube\15 ЗАБЫТЫХ ФИЛЬМОВ 2000-Х КОТОРЫЕ СЕГОДНЯ СМОТРЯТСЯ КРУЧЕ ЛЮБЫХ НОВИНОК!.webp" to png
[EmbedThumbnail] mutagen: Adding thumbnail to "d:\Downloads\Youtube\15 ЗАБЫТЫХ ФИЛЬМОВ 2000-Х КОТОРЫЕ СЕГОДНЯ СМОТРЯТСЯ КРУЧЕ ЛЮБЫХ НОВИНОК!.mp4"
[youtube] Extracting URL: https://www.youtube.com/shorts/OdGaC3wF__M
[youtube] OdGaC3wF__M: Downloading webpage
WARNING: [youtube] No supported JavaScript runtime could be found. Only deno is enabled by default; to use another runtime add  --js-runtimes RUNTIME[:PATH]  to your command/config. YouTube extraction without a JS runtime has been deprecated, and some formats may be missing. See  https://github.com/yt-dlp/yt-dlp/wiki/EJS  for details on installing one
[youtube] OdGaC3wF__M: Downloading android vr player API JSON
[info] OdGaC3wF__M: Downloading 1 format(s): 399+251
[info] Downloading video thumbnail 46 ...
[info] Writing video thumbnail 46 to: d:\Downloads\Youtube\Her Reaction Had Me Dying 😂 #comedy #craigferguson #shorts #viral #comedy #latelateshow #trending.webp
[download] Destination: d:\Downloads\Youtube\Her Reaction Had Me Dying 😂 #comedy #craigferguson #shorts #viral #comedy #latelateshow #trending.f399.mp4
[download] Destination: d:\Downloads\Youtube\Her Reaction Had Me Dying 😂 #comedy #craigferguson #shorts #viral #comedy #latelateshow #trending.f251.webm
[Merger] Merging formats into "d:\Downloads\Youtube\Her Reaction Had Me Dying 😂 #comedy #craigferguson #shorts #viral #comedy #latelateshow #trending.mp4"
Deleting original file d:\Downloads\Youtube\Her Reaction Had Me Dying 😂 #comedy #craigferguson #shorts #viral #comedy #latelateshow #trending.f251.webm (pass -k to keep)
Deleting original file d:\Downloads\Youtube\Her Reaction Had Me Dying 😂 #comedy #craigferguson #shorts #viral #comedy #latelateshow #trending.f399.mp4 (pass -k to keep)
[Metadata] Adding metadata to "d:\Downloads\Youtube\Her Reaction Had Me Dying 😂 #comedy #craigferguson #shorts #viral #comedy #latelateshow #trending.mp4"
[ThumbnailsConvertor] Converting thumbnail "d:\Downloads\Youtube\Her Reaction Had Me Dying 😂 #comedy #craigferguson #shorts #viral #comedy #latelateshow #trending.webp" to png
[EmbedThumbnail] mutagen: Adding thumbnail to "d:\Downloads\Youtube\Her Reaction Had Me Dying 😂 #comedy #craigferguson #shorts #viral #comedy #latelateshow #trending.mp4"
